生成启动时间为 2019/3/2 18:28:58。
     1>项目“F:\IHAS\wyyt\code\wyyt\jsoncpp-0.10.7\makefiles\msvc2010\lib_json.vcxproj”在节点 2 上(build 个目标)。
     1>InitializeBuildStatus:
         正在创建“Debug\lib_json.unsuccessfulbuild”，因为已指定“AlwaysCreate”。
       ClCompile:
         C:\Program Files (x86)\Microsoft Visual Studio 10.0\VC\bin\CL.exe /c /I../../include /ZI /nologo /W3 /WX- /Od /Oy- /D WIN32 /D _DEBUG /D _LIB /D _UNICODE /D UNICODE /Gm /EHsc /RTC1 /MTd /GS /fp:precise /Zc:wchar_t /Zc:forScope /Fo"Debug\\" /Fd"Debug\vc100.pdb" /Gd /TP /analyze- /errorReport:prompt ..\..\src\lib_json\json_reader.cpp ..\..\src\lib_json\json_value.cpp ..\..\src\lib_json\json_writer.cpp
         json_writer.cpp
         json_value.cpp
         json_reader.cpp
         正在生成代码...
       Lib:
         C:\Program Files (x86)\Microsoft Visual Studio 10.0\VC\bin\Lib.exe /OUT:"F:\IHAS\wyyt\code\wyyt\Debug\lib_json.lib" /NOLOGO Debug\json_reader.obj
         Debug\json_value.obj
         Debug\json_writer.obj
         lib_json.vcxproj -> F:\IHAS\wyyt\code\wyyt\Debug\lib_json.lib
       FinalizeBuildStatus:
         正在删除文件“Debug\lib_json.unsuccessfulbuild”。
         正在对“Debug\lib_json.lastbuildstate”执行 Touch 任务。
     1>已完成生成项目“F:\IHAS\wyyt\code\wyyt\jsoncpp-0.10.7\makefiles\msvc2010\lib_json.vcxproj”(build 个目标)的操作。

生成成功。

已用时间 00:00:05.43
