生成启动时间为 2019/3/3 19:05:21。
     1>项目“F:\IHAS\wyyt\code\wyyt\jsoncpp-0.10.7\makefiles\msvc2010\lib_json.vcxproj”在节点 2 上(build 个目标)。
     1>PrepareForBuild:
         正在创建目录“F:\IHAS\wyyt\code\wyyt\x64\Release\”。
       InitializeBuildStatus:
         正在创建“x64\Release\lib_json.unsuccessfulbuild”，因为已指定“AlwaysCreate”。
       ClCompile:
         C:\Program Files (x86)\Microsoft Visual Studio 10.0\VC\bin\x86_amd64\CL.exe /c /I../../include /Zi /nologo /W3 /WX- /O2 /Oi /GL /D WIN32 /D NDEBUG /D _LIB /D _UNICODE /D UNICODE /Gm- /EHsc /MT /GS /Gy /fp:precise /Zc:wchar_t /Zc:forScope /Fo"x64\Release\\" /Fd"x64\Release\vc100.pdb" /Gd /TP /errorReport:prompt ..\..\src\lib_json\json_reader.cpp ..\..\src\lib_json\json_value.cpp ..\..\src\lib_json\json_writer.cpp
         json_reader.cpp
         json_value.cpp
         json_writer.cpp
       Lib:
         C:\Program Files (x86)\Microsoft Visual Studio 10.0\VC\bin\x86_amd64\Lib.exe /OUT:"F:\IHAS\wyyt\code\wyyt\x64\Release\lib_json.lib" /NOLOGO /LTCG x64\Release\json_reader.obj
         x64\Release\json_value.obj
         x64\Release\json_writer.obj
         lib_json.vcxproj -> F:\IHAS\wyyt\code\wyyt\x64\Release\lib_json.lib
       FinalizeBuildStatus:
         正在删除文件“x64\Release\lib_json.unsuccessfulbuild”。
         正在对“x64\Release\lib_json.lastbuildstate”执行 Touch 任务。
     1>已完成生成项目“F:\IHAS\wyyt\code\wyyt\jsoncpp-0.10.7\makefiles\msvc2010\lib_json.vcxproj”(build 个目标)的操作。

生成成功。

已用时间 00:00:04.17
