生成启动时间为 2019/2/23 1:39:20。
     1>项目“F:\IHAS\wyyt\code\wyyt\langs\en_US\en_US.vcxproj”在节点 2 上(build 个目标)。
     1>InitializeBuildStatus:
         正在对“Debug\en_US.unsuccessfulbuild”执行 Touch 任务。
       ResourceCompile:
         C:\Program Files (x86)\Microsoft SDKs\Windows\v7.0A\bin\rc.exe /D _UNICODE /D UNICODE /l"0x0409" /nologo /fo"Debug\en_US.res" en_US.rc 
       ManifestResourceCompile:
         C:\Program Files (x86)\Microsoft SDKs\Windows\v7.0A\bin\rc.exe /nologo /fo"Debug\en_US.dll.embed.manifest.res" Debug\en_US_manifest.rc 
     1>C:\Program Files (x86)\MSBuild\Microsoft.Cpp\v4.0\Microsoft.CppBuild.targets(990,5): warning MSB8012: TargetPath(F:\IHAS\wyyt\code\wyyt\Debug\en_US.dll) 与 Linker 的 OutputFile 属性值(F:\IHAS\wyyt\code\wyyt\Debug\lang\en_US.dll)不匹配。这可能导致项目生成不正确。若要更正此问题，请确保 $(OutDir)、$(TargetName) 和 $(TargetExt) 属性值与 %(Link.OutputFile) 中指定的值匹配。
       Link:
         C:\Program Files (x86)\Microsoft Visual Studio 10.0\VC\bin\link.exe /ERRORREPORT:PROMPT /OUT:"F:\IHAS\wyyt\code\wyyt\langs\en_US\..\..\Debug\lang\en_US.dll" /INCREMENTAL /NOLOGO kernel32.lib user32.lib gdi32.lib winspool.lib comdlg32.lib advapi32.lib shell32.lib ole32.lib oleaut32.lib uuid.lib odbc32.lib odbccp32.lib /MANIFEST /ManifestFile:"Debug\en_US.dll.intermediate.manifest" /MANIFESTUAC:"level='asInvoker' uiAccess='false'" /DEBUG /PDB:"F:\IHAS\wyyt\code\wyyt\Debug\en_US.pdb" /SUBSYSTEM:WINDOWS /TLBID:1 /NOENTRY /DYNAMICBASE:NO /NXCOMPAT /IMPLIB:"F:\IHAS\wyyt\code\wyyt\Debug\en_US.lib" /MACHINE:X86 /DLL Debug\en_US.res
         Debug\en_US.dll.embed.manifest.res
       Manifest:
         C:\Program Files (x86)\Microsoft SDKs\Windows\v7.0A\bin\mt.exe /nologo /verbose /out:"Debug\en_US.dll.embed.manifest" /manifest Debug\en_US.dll.intermediate.manifest
         C:\Program Files (x86)\Microsoft SDKs\Windows\v7.0A\bin\rc.exe /nologo /fo"Debug\en_US.dll.embed.manifest.res" Debug\en_US_manifest.rc 
       LinkEmbedManifest:
         C:\Program Files (x86)\Microsoft Visual Studio 10.0\VC\bin\link.exe /ERRORREPORT:PROMPT /OUT:"F:\IHAS\wyyt\code\wyyt\langs\en_US\..\..\Debug\lang\en_US.dll" /INCREMENTAL /NOLOGO kernel32.lib user32.lib gdi32.lib winspool.lib comdlg32.lib advapi32.lib shell32.lib ole32.lib oleaut32.lib uuid.lib odbc32.lib odbccp32.lib /MANIFEST /ManifestFile:"Debug\en_US.dll.intermediate.manifest" /MANIFESTUAC:"level='asInvoker' uiAccess='false'" /DEBUG /PDB:"F:\IHAS\wyyt\code\wyyt\Debug\en_US.pdb" /SUBSYSTEM:WINDOWS /TLBID:1 /NOENTRY /DYNAMICBASE:NO /NXCOMPAT /IMPLIB:"F:\IHAS\wyyt\code\wyyt\Debug\en_US.lib" /MACHINE:X86 /DLL Debug\en_US.res
         Debug\en_US.dll.embed.manifest.res
         en_US.vcxproj -> F:\IHAS\wyyt\code\wyyt\Debug\en_US.dll
       FinalizeBuildStatus:
         正在删除文件“Debug\en_US.unsuccessfulbuild”。
         正在对“Debug\en_US.lastbuildstate”执行 Touch 任务。
     1>已完成生成项目“F:\IHAS\wyyt\code\wyyt\langs\en_US\en_US.vcxproj”(build 个目标)的操作。

生成成功。

已用时间 00:00:11.48
